# JRE version: OpenJDK Runtime Environment (11.0.11+9) (build 11.0.11+9-b60-7590822)
# Java VM: OpenJDK 64-Bit Server VM (11.0.11+9-b60-7590822, mixed mode, tiered, compressed oops, g1 gc, windows-amd64)
Heap:
 garbage-first heap   total 126976K, used 101850K [0x00000000a0000000, 0x0000000100000000)
  region size 1024K, 2 young (2048K), 1 survivors (1024K)
 Metaspace       used 82172K, capacity 85375K, committed 85632K, reserved 1122304K
  class space    used 10784K, capacity 11780K, committed 11904K, reserved 1048576K
GC Heap History (20 events):
Event: 44.666 GC heap before
{Heap before GC invocations=31 (full 0):
 garbage-first heap   total 126976K, used 105243K [0x00000000a0000000, 0x0000000100000000)
  region size 1024K, 19 young (19456K), 3 survivors (3072K)
 Metaspace       used 76493K, capacity 79522K, committed 79616K, reserved 1118208K
  class space    used 10004K, capacity 10956K, committed 11008K, reserved 1048576K
}
Event: 44.674 GC heap after
{Heap after GC invocations=32 (full 0):
 garbage-first heap   total 126976K, used 89395K [0x00000000a0000000, 0x0000000100000000)
  region size 1024K, 1 young (1024K), 1 survivors (1024K)
 Metaspace       used 76493K, capacity 79522K, committed 79616K, reserved 1118208K
  class space    used 10004K, capacity 10956K, committed 11008K, reserved 1048576K
}
Event: 45.440 GC heap before
{Heap before GC invocations=33 (full 0):
 garbage-first heap   total 126976K, used 105779K [0x00000000a0000000, 0x0000000100000000)
  region size 1024K, 17 young (17408K), 1 survivors (1024K)
 Metaspace       used 78135K, capacity 81152K, committed 81408K, reserved 1120256K
  class space    used 10219K, capacity 11168K, committed 11264K, reserved 1048576K
}
Event: 45.444 GC heap after
{Heap after GC invocations=34 (full 0):
 garbage-first heap   total 126976K, used 90087K [0x00000000a0000000, 0x0000000100000000)
  region size 1024K, 2 young (2048K), 2 survivors (2048K)
 Metaspace       used 78135K, capacity 81152K, committed 81408K, reserved 1120256K
  class space    used 10219K, capacity 11168K, committed 11264K, reserved 1048576K
}
Event: 46.039 GC heap before
{Heap before GC invocations=34 (full 0):
 garbage-first heap   total 126976K, used 106471K [0x00000000a0000000, 0x0000000100000000)
  region size 1024K, 18 young (18432K), 2 survivors (2048K)
 Metaspace       used 79176K, capacity 82240K, committed 82304K, reserved 1120256K
  class space    used 10364K, capacity 11336K, committed 11392K, reserved 1048576K
}
Event: 46.045 GC heap after
{Heap after GC invocations=35 (full 0):
 garbage-first heap   total 126976K, used 91575K [0x00000000a0000000, 0x0000000100000000)
  region size 1024K, 3 young (3072K), 3 survivors (3072K)
 Metaspace       used 79176K, capacity 82240K, committed 82304K, reserved 1120256K
  class space    used 10364K, capacity 11336K, committed 11392K, reserved 1048576K
}
Event: 46.829 GC heap before
{Heap before GC invocations=36 (full 0):
 garbage-first heap   total 126976K, used 107959K [0x00000000a0000000, 0x0000000100000000)
  region size 1024K, 19 young (19456K), 3 survivors (3072K)
 Metaspace       used 79802K, capacity 82937K, committed 83200K, reserved 1120256K
  class space    used 10434K, capacity 11403K, committed 11520K, reserved 1048576K
}
Event: 46.840 GC heap after
{Heap after GC invocations=37 (full 0):
 garbage-first heap   total 126976K, used 94768K [0x00000000a0000000, 0x0000000100000000)
  region size 1024K, 3 young (3072K), 3 survivors (3072K)
 Metaspace       used 79802K, capacity 82937K, committed 83200K, reserved 1120256K
  class space    used 10434K, capacity 11403K, committed 11520K, reserved 1048576K
}
Event: 47.287 GC heap before
{Heap before GC invocations=37 (full 0):
 garbage-first heap   total 126976K, used 108080K [0x00000000a0000000, 0x0000000100000000)
  region size 1024K, 16 young (16384K), 3 survivors (3072K)
 Metaspace       used 80218K, capacity 83311K, committed 83456K, reserved 1122304K
  class space    used 10480K, capacity 11440K, committed 11520K, reserved 1048576K
}
Event: 47.297 GC heap after
{Heap after GC invocations=38 (full 0):
 garbage-first heap   total 126976K, used 97549K [0x00000000a0000000, 0x0000000100000000)
  region size 1024K, 2 young (2048K), 2 survivors (2048K)
 Metaspace       used 80218K, capacity 83311K, committed 83456K, reserved 1122304K
  class space    used 10480K, capacity 11440K, committed 11520K, reserved 1048576K
}
Event: 47.573 GC heap before
{Heap before GC invocations=38 (full 0):
 garbage-first heap   total 126976K, used 106765K [0x00000000a0000000, 0x0000000100000000)
  region size 1024K, 12 young (12288K), 2 survivors (2048K)
 Metaspace       used 80592K, capacity 83721K, committed 83968K, reserved 1122304K
  class space    used 10531K, capacity 11487K, committed 11520K, reserved 1048576K
}
Event: 47.581 GC heap after
{Heap after GC invocations=39 (full 0):
 garbage-first heap   total 126976K, used 98866K [0x00000000a0000000, 0x0000000100000000)
  region size 1024K, 2 young (2048K), 2 survivors (2048K)
 Metaspace       used 80592K, capacity 83721K, committed 83968K, reserved 1122304K
  class space    used 10531K, capacity 11487K, committed 11520K, reserved 1048576K
}
Event: 48.047 GC heap before
{Heap before GC invocations=40 (full 0):
 garbage-first heap   total 126976K, used 108082K [0x00000000a0000000, 0x0000000100000000)
  region size 1024K, 11 young (11264K), 2 survivors (2048K)
 Metaspace       used 81176K, capacity 84318K, committed 84608K, reserved 1122304K
  class space    used 10614K, capacity 11577K, committed 11648K, reserved 1048576K
}
Event: 48.054 GC heap after
{Heap after GC invocations=41 (full 0):
 garbage-first heap   total 126976K, used 99964K [0x00000000a0000000, 0x0000000100000000)
  region size 1024K, 2 young (2048K), 2 survivors (2048K)
 Metaspace       used 81176K, capacity 84318K, committed 84608K, reserved 1122304K
  class space    used 10614K, capacity 11577K, committed 11648K, reserved 1048576K
}
Event: 51.903 GC heap before
{Heap before GC invocations=41 (full 0):
 garbage-first heap   total 126976K, used 108156K [0x00000000a0000000, 0x0000000100000000)
  region size 1024K, 11 young (11264K), 2 survivors (2048K)
 Metaspace       used 81597K, capacity 84779K, committed 84992K, reserved 1122304K
  class space    used 10683K, capacity 11667K, committed 11776K, reserved 1048576K
}
Event: 51.909 GC heap after
{Heap after GC invocations=42 (full 0):
 garbage-first heap   total 126976K, used 101028K [0x00000000a0000000, 0x0000000100000000)
  region size 1024K, 1 young (1024K), 1 survivors (1024K)
 Metaspace       used 81597K, capacity 84779K, committed 84992K, reserved 1122304K
  class space    used 10683K, capacity 11667K, committed 11776K, reserved 1048576K
}
Event: 54.156 GC heap before
{Heap before GC invocations=43 (full 0):
 garbage-first heap   total 126976K, used 109220K [0x00000000a0000000, 0x0000000100000000)
  region size 1024K, 9 young (9216K), 1 survivors (1024K)
 Metaspace       used 81698K, capacity 84867K, committed 84992K, reserved 1122304K
  class space    used 10704K, capacity 11675K, committed 11776K, reserved 1048576K
}
Event: 54.159 GC heap after
{Heap after GC invocations=44 (full 0):
 garbage-first heap   total 126976K, used 101316K [0x00000000a0000000, 0x0000000100000000)
  region size 1024K, 2 young (2048K), 2 survivors (2048K)
 Metaspace       used 81698K, capacity 84867K, committed 84992K, reserved 1122304K
  class space    used 10704K, capacity 11675K, committed 11776K, reserved 1048576K
}
Event: 82.033 GC heap before
{Heap before GC invocations=44 (full 0):
 garbage-first heap   total 126976K, used 107460K [0x00000000a0000000, 0x0000000100000000)
  region size 1024K, 9 young (9216K), 2 survivors (2048K)
 Metaspace       used 82143K, capacity 85376K, committed 85632K, reserved 1122304K
  class space    used 10785K, capacity 11783K, committed 11904K, reserved 1048576K
}
Event: 82.169 GC heap after
{Heap after GC invocations=45 (full 0):
 garbage-first heap   total 126976K, used 101850K [0x00000000a0000000, 0x0000000100000000)
  region size 1024K, 1 young (1024K), 1 survivors (1024K)
 Metaspace       used 82143K, capacity 85376K, committed 85632K, reserved 1122304K
  class space    used 10785K, capacity 11783K, committed 11904K, reserved 1048576K
}

